{"timestamp":"2025-07-03T12:41:36.301579","level":"info","event":"DAG bundles loaded: dags-folder","logger":"airflow.dag_processing.bundles.manager.DagBundlesManager"}
{"timestamp":"2025-07-03T12:41:36.303053","level":"info","event":"Filling up the DagBag from /opt/airflow/dags/dag.py","logger":"airflow.models.dagbag.DagBag"}
{"timestamp":"2025-07-03T12:41:38.293053","level":"info","event":"Successfully connected to database `sakila` at mysql-source:3306","logger":"src.helpers"}
{"timestamp":"2025-07-03T12:41:38.293524","level":"info","event":"Successfully connected to database `sakila_dw` at mysql-warehouse:3306","logger":"src.helpers"}
{"timestamp":"2025-07-03T12:41:38.293632","level":"info","event":"Starting extract phase","logger":"unusual_prefix_39d5b4c4fb0e26bd2861cde9a37101b8f5d54193_dag"}
{"timestamp":"2025-07-03T12:41:38.800380","level":"info","event":"Extracted 16044 records to /opt/airflow/data/raw/date_raw.parquet","logger":"unusual_prefix_39d5b4c4fb0e26bd2861cde9a37101b8f5d54193_dag"}
{"timestamp":"2025-07-03T12:41:38.800522","level":"info","event":"Starting transform phase","logger":"unusual_prefix_39d5b4c4fb0e26bd2861cde9a37101b8f5d54193_dag"}
{"timestamp":"2025-07-03T12:41:38.860357Z","level":"info","event":"      rental_date  week  rental_month","chan":"stdout","logger":"task"}
{"timestamp":"2025-07-03T12:41:38.860697Z","level":"info","event":"0      2005-05-24    21             5","chan":"stdout","logger":"task"}
{"timestamp":"2025-07-03T12:41:38.860997Z","level":"info","event":"8      2005-05-25    21             5","chan":"stdout","logger":"task"}
{"timestamp":"2025-07-03T12:41:38.861272Z","level":"info","event":"145    2005-05-26    21             5","chan":"stdout","logger":"task"}
{"timestamp":"2025-07-03T12:41:38.861653Z","level":"info","event":"319    2005-05-27    21             5","chan":"stdout","logger":"task"}
{"timestamp":"2025-07-03T12:41:38.861964Z","level":"info","event":"485    2005-05-28    21             5","chan":"stdout","logger":"task"}
{"timestamp":"2025-07-03T12:41:38.862296Z","level":"info","event":"681    2005-05-29    21             5","chan":"stdout","logger":"task"}
{"timestamp":"2025-07-03T12:41:38.862593Z","level":"info","event":"835    2005-05-30    22             5","chan":"stdout","logger":"task"}
{"timestamp":"2025-07-03T12:41:38.862903Z","level":"info","event":"993    2005-05-31    22             5","chan":"stdout","logger":"task"}
{"timestamp":"2025-07-03T12:41:38.864772Z","level":"info","event":"1156   2005-06-14    24             6","chan":"stdout","logger":"task"}
{"timestamp":"2025-07-03T12:41:38.865091Z","level":"info","event":"1172   2005-06-15    24             6","chan":"stdout","logger":"task"}
{"timestamp":"2025-07-03T12:41:38.865415Z","level":"info","event":"1520   2005-06-16    24             6","chan":"stdout","logger":"task"}
{"timestamp":"2025-07-03T12:41:38.865728Z","level":"info","event":"1844   2005-06-17    24             6","chan":"stdout","logger":"task"}
{"timestamp":"2025-07-03T12:41:38.866033Z","level":"info","event":"2169   2005-06-18    24             6","chan":"stdout","logger":"task"}
{"timestamp":"2025-07-03T12:41:38.866347Z","level":"info","event":"2513   2005-06-19    24             6","chan":"stdout","logger":"task"}
{"timestamp":"2025-07-03T12:41:38.866642Z","level":"info","event":"2861   2005-06-20    25             6","chan":"stdout","logger":"task"}
{"timestamp":"2025-07-03T12:41:38.866931Z","level":"info","event":"3192   2005-06-21    25             6","chan":"stdout","logger":"task"}
{"timestamp":"2025-07-03T12:41:38.867240Z","level":"info","event":"3467   2005-07-05    27             7","chan":"stdout","logger":"task"}
{"timestamp":"2025-07-03T12:41:38.867551Z","level":"info","event":"3494   2005-07-06    27             7","chan":"stdout","logger":"task"}
{"timestamp":"2025-07-03T12:41:38.867847Z","level":"info","event":"3998   2005-07-07    27             7","chan":"stdout","logger":"task"}
{"timestamp":"2025-07-03T12:41:38.868141Z","level":"info","event":"4459   2005-07-08    27             7","chan":"stdout","logger":"task"}
{"timestamp":"2025-07-03T12:41:38.868455Z","level":"info","event":"4971   2005-07-09    27             7","chan":"stdout","logger":"task"}
{"timestamp":"2025-07-03T12:41:38.868752Z","level":"info","event":"5484   2005-07-10    27             7","chan":"stdout","logger":"task"}
{"timestamp":"2025-07-03T12:41:38.869335Z","level":"info","event":"5964   2005-07-11    28             7","chan":"stdout","logger":"task"}
{"timestamp":"2025-07-03T12:41:38.869936Z","level":"info","event":"6425   2005-07-12    28             7","chan":"stdout","logger":"task"}
{"timestamp":"2025-07-03T12:41:38.870537Z","level":"info","event":"6920   2005-07-26    30             7","chan":"stdout","logger":"task"}
{"timestamp":"2025-07-03T12:41:38.870866Z","level":"info","event":"6953   2005-07-27    30             7","chan":"stdout","logger":"task"}
{"timestamp":"2025-07-03T12:41:38.871570Z","level":"info","event":"7602   2005-07-28    30             7","chan":"stdout","logger":"task"}
{"timestamp":"2025-07-03T12:41:38.872321Z","level":"info","event":"8222   2005-07-29    30             7","chan":"stdout","logger":"task"}
{"timestamp":"2025-07-03T12:41:38.873297Z","level":"info","event":"8863   2005-07-30    30             7","chan":"stdout","logger":"task"}
{"timestamp":"2025-07-03T12:41:38.874015Z","level":"info","event":"9497   2005-07-31    30             7","chan":"stdout","logger":"task"}
{"timestamp":"2025-07-03T12:41:38.874806Z","level":"info","event":"10176  2005-08-01    31             8","chan":"stdout","logger":"task"}
{"timestamp":"2025-07-03T12:41:38.875581Z","level":"info","event":"10847  2005-08-02    31             8","chan":"stdout","logger":"task"}
{"timestamp":"2025-07-03T12:41:38.876289Z","level":"info","event":"11490  2005-08-16    33             8","chan":"stdout","logger":"task"}
{"timestamp":"2025-07-03T12:41:38.876434Z","level":"info","event":"11513  2005-08-17    33             8","chan":"stdout","logger":"task"}
{"timestamp":"2025-07-03T12:41:38.876557Z","level":"info","event":"12106  2005-08-18    33             8","chan":"stdout","logger":"task"}
{"timestamp":"2025-07-03T12:41:38.876681Z","level":"info","event":"12727  2005-08-19    33             8","chan":"stdout","logger":"task"}
{"timestamp":"2025-07-03T12:41:38.876799Z","level":"info","event":"13355  2005-08-20    33             8","chan":"stdout","logger":"task"}
{"timestamp":"2025-07-03T12:41:38.876918Z","level":"info","event":"13979  2005-08-21    33             8","chan":"stdout","logger":"task"}
{"timestamp":"2025-07-03T12:41:38.877044Z","level":"info","event":"14638  2005-08-22    34             8","chan":"stdout","logger":"task"}
{"timestamp":"2025-07-03T12:41:38.877162Z","level":"info","event":"15264  2005-08-23    34             8","chan":"stdout","logger":"task"}
{"timestamp":"2025-07-03T12:41:38.877310Z","level":"info","event":"15862  2006-02-14     7             2","chan":"stdout","logger":"task"}
{"timestamp":"2025-07-03T12:41:38.859844","level":"warning","event":"/opt/airflow/dags/etl/dim_date_logic.py:43: SettingWithCopyWarning: \nA value is trying to be set on a copy of a slice from a DataFrame.\nTry using .loc[row_indexer,col_indexer] = value instead\n\nSee the caveats in the documentation: https://pandas.pydata.org/pandas-docs/stable/user_guide/indexing.html#returning-a-view-versus-a-copy\n  df['date_key'] = range(1, len(df) + 1)\n","logger":"py.warnings"}
{"timestamp":"2025-07-03T12:41:38.863452","level":"warning","event":"/opt/airflow/dags/etl/dim_date_logic.py:45: SettingWithCopyWarning: \nA value is trying to be set on a copy of a slice from a DataFrame\n\nSee the caveats in the documentation: https://pandas.pydata.org/pandas-docs/stable/user_guide/indexing.html#returning-a-view-versus-a-copy\n  df.rename(columns={'rental_date': 'full_date', 'week': 'rental_week'}, inplace=True)\n","logger":"py.warnings"}
{"timestamp":"2025-07-03T12:41:38.878016","level":"info","event":"Transformed data saved to /opt/airflow/data/cleaned/date_transformed.parquet","logger":"unusual_prefix_39d5b4c4fb0e26bd2861cde9a37101b8f5d54193_dag"}
{"timestamp":"2025-07-03T12:41:38.878145","level":"info","event":"Starting load phase","logger":"unusual_prefix_39d5b4c4fb0e26bd2861cde9a37101b8f5d54193_dag"}
{"timestamp":"2025-07-03T12:41:38.937529","level":"info","event":"Loaded data into `dim_date`","logger":"unusual_prefix_39d5b4c4fb0e26bd2861cde9a37101b8f5d54193_dag"}
{"timestamp":"2025-07-03T12:41:38.939686","level":"info","event":"Successfully removed file: /opt/airflow/data/raw/date_raw.parquet","logger":"src.helpers"}
{"timestamp":"2025-07-03T12:41:38.940097","level":"info","event":"Successfully removed file: /opt/airflow/data/cleaned/date_transformed.parquet","logger":"src.helpers"}
{"timestamp":"2025-07-03T12:41:38.941273","level":"info","event":"Cleanup done.","logger":"unusual_prefix_39d5b4c4fb0e26bd2861cde9a37101b8f5d54193_dag"}
{"timestamp":"2025-07-03T12:41:38.941993","level":"info","event":"Done. Returned value was: None","logger":"airflow.task.operators.airflow.providers.standard.operators.python.PythonOperator"}
