{"timestamp":"2025-07-03T12:25:47.939378","level":"info","event":"DAG bundles loaded: dags-folder","logger":"airflow.dag_processing.bundles.manager.DagBundlesManager"}
{"timestamp":"2025-07-03T12:25:47.939962","level":"info","event":"Filling up the DagBag from /opt/airflow/dags/dag.py","logger":"airflow.models.dagbag.DagBag"}
{"timestamp":"2025-07-03T12:25:49.482685","level":"info","event":"Successfully connected to database `sakila` at mysql-source:3306","logger":"src.helpers"}
{"timestamp":"2025-07-03T12:25:49.483132","level":"info","event":"Successfully connected to database `sakila_dw` at mysql-warehouse:3307","logger":"src.helpers"}
{"timestamp":"2025-07-03T12:25:49.483272","level":"info","event":"Starting extract phase","logger":"unusual_prefix_39d5b4c4fb0e26bd2861cde9a37101b8f5d54193_dag"}
{"timestamp":"2025-07-03T12:25:50.141952","level":"info","event":"Extracted 16044 records to /opt/airflow/data/raw/date_raw.parquet","logger":"unusual_prefix_39d5b4c4fb0e26bd2861cde9a37101b8f5d54193_dag"}
{"timestamp":"2025-07-03T12:25:50.142056","level":"info","event":"Starting transform phase","logger":"unusual_prefix_39d5b4c4fb0e26bd2861cde9a37101b8f5d54193_dag"}
{"timestamp":"2025-07-03T12:25:50.165850Z","level":"info","event":"      rental_date  week  rental_month","chan":"stdout","logger":"task"}
{"timestamp":"2025-07-03T12:25:50.166008Z","level":"info","event":"0      2005-05-24    21             5","chan":"stdout","logger":"task"}
{"timestamp":"2025-07-03T12:25:50.166109Z","level":"info","event":"8      2005-05-25    21             5","chan":"stdout","logger":"task"}
{"timestamp":"2025-07-03T12:25:50.166200Z","level":"info","event":"145    2005-05-26    21             5","chan":"stdout","logger":"task"}
{"timestamp":"2025-07-03T12:25:50.166334Z","level":"info","event":"319    2005-05-27    21             5","chan":"stdout","logger":"task"}
{"timestamp":"2025-07-03T12:25:50.166419Z","level":"info","event":"485    2005-05-28    21             5","chan":"stdout","logger":"task"}
{"timestamp":"2025-07-03T12:25:50.166503Z","level":"info","event":"681    2005-05-29    21             5","chan":"stdout","logger":"task"}
{"timestamp":"2025-07-03T12:25:50.166595Z","level":"info","event":"835    2005-05-30    22             5","chan":"stdout","logger":"task"}
{"timestamp":"2025-07-03T12:25:50.166692Z","level":"info","event":"993    2005-05-31    22             5","chan":"stdout","logger":"task"}
{"timestamp":"2025-07-03T12:25:50.166788Z","level":"info","event":"1156   2005-06-14    24             6","chan":"stdout","logger":"task"}
{"timestamp":"2025-07-03T12:25:50.166880Z","level":"info","event":"1172   2005-06-15    24             6","chan":"stdout","logger":"task"}
{"timestamp":"2025-07-03T12:25:50.166974Z","level":"info","event":"1520   2005-06-16    24             6","chan":"stdout","logger":"task"}
{"timestamp":"2025-07-03T12:25:50.167059Z","level":"info","event":"1844   2005-06-17    24             6","chan":"stdout","logger":"task"}
{"timestamp":"2025-07-03T12:25:50.167146Z","level":"info","event":"2169   2005-06-18    24             6","chan":"stdout","logger":"task"}
{"timestamp":"2025-07-03T12:25:50.167270Z","level":"info","event":"2513   2005-06-19    24             6","chan":"stdout","logger":"task"}
{"timestamp":"2025-07-03T12:25:50.167371Z","level":"info","event":"2861   2005-06-20    25             6","chan":"stdout","logger":"task"}
{"timestamp":"2025-07-03T12:25:50.167461Z","level":"info","event":"3192   2005-06-21    25             6","chan":"stdout","logger":"task"}
{"timestamp":"2025-07-03T12:25:50.167546Z","level":"info","event":"3467   2005-07-05    27             7","chan":"stdout","logger":"task"}
{"timestamp":"2025-07-03T12:25:50.167637Z","level":"info","event":"3494   2005-07-06    27             7","chan":"stdout","logger":"task"}
{"timestamp":"2025-07-03T12:25:50.167735Z","level":"info","event":"3998   2005-07-07    27             7","chan":"stdout","logger":"task"}
{"timestamp":"2025-07-03T12:25:50.167834Z","level":"info","event":"4459   2005-07-08    27             7","chan":"stdout","logger":"task"}
{"timestamp":"2025-07-03T12:25:50.167921Z","level":"info","event":"4971   2005-07-09    27             7","chan":"stdout","logger":"task"}
{"timestamp":"2025-07-03T12:25:50.168028Z","level":"info","event":"5484   2005-07-10    27             7","chan":"stdout","logger":"task"}
{"timestamp":"2025-07-03T12:25:50.168121Z","level":"info","event":"5964   2005-07-11    28             7","chan":"stdout","logger":"task"}
{"timestamp":"2025-07-03T12:25:50.168232Z","level":"info","event":"6425   2005-07-12    28             7","chan":"stdout","logger":"task"}
{"timestamp":"2025-07-03T12:25:50.168332Z","level":"info","event":"6920   2005-07-26    30             7","chan":"stdout","logger":"task"}
{"timestamp":"2025-07-03T12:25:50.168423Z","level":"info","event":"6953   2005-07-27    30             7","chan":"stdout","logger":"task"}
{"timestamp":"2025-07-03T12:25:50.168508Z","level":"info","event":"7602   2005-07-28    30             7","chan":"stdout","logger":"task"}
{"timestamp":"2025-07-03T12:25:50.168591Z","level":"info","event":"8222   2005-07-29    30             7","chan":"stdout","logger":"task"}
{"timestamp":"2025-07-03T12:25:50.168671Z","level":"info","event":"8863   2005-07-30    30             7","chan":"stdout","logger":"task"}
{"timestamp":"2025-07-03T12:25:50.168757Z","level":"info","event":"9497   2005-07-31    30             7","chan":"stdout","logger":"task"}
{"timestamp":"2025-07-03T12:25:50.168853Z","level":"info","event":"10176  2005-08-01    31             8","chan":"stdout","logger":"task"}
{"timestamp":"2025-07-03T12:25:50.168946Z","level":"info","event":"10847  2005-08-02    31             8","chan":"stdout","logger":"task"}
{"timestamp":"2025-07-03T12:25:50.169035Z","level":"info","event":"11490  2005-08-16    33             8","chan":"stdout","logger":"task"}
{"timestamp":"2025-07-03T12:25:50.169118Z","level":"info","event":"11513  2005-08-17    33             8","chan":"stdout","logger":"task"}
{"timestamp":"2025-07-03T12:25:50.169202Z","level":"info","event":"12106  2005-08-18    33             8","chan":"stdout","logger":"task"}
{"timestamp":"2025-07-03T12:25:50.169320Z","level":"info","event":"12727  2005-08-19    33             8","chan":"stdout","logger":"task"}
{"timestamp":"2025-07-03T12:25:50.169410Z","level":"info","event":"13355  2005-08-20    33             8","chan":"stdout","logger":"task"}
{"timestamp":"2025-07-03T12:25:50.169496Z","level":"info","event":"13979  2005-08-21    33             8","chan":"stdout","logger":"task"}
{"timestamp":"2025-07-03T12:25:50.169581Z","level":"info","event":"14638  2005-08-22    34             8","chan":"stdout","logger":"task"}
{"timestamp":"2025-07-03T12:25:50.169659Z","level":"info","event":"15264  2005-08-23    34             8","chan":"stdout","logger":"task"}
{"timestamp":"2025-07-03T12:25:50.169741Z","level":"info","event":"15862  2006-02-14     7             2","chan":"stdout","logger":"task"}
{"timestamp":"2025-07-03T12:25:50.166430","level":"warning","event":"/opt/airflow/dags/etl/dim_date_logic.py:43: SettingWithCopyWarning: \nA value is trying to be set on a copy of a slice from a DataFrame.\nTry using .loc[row_indexer,col_indexer] = value instead\n\nSee the caveats in the documentation: https://pandas.pydata.org/pandas-docs/stable/user_guide/indexing.html#returning-a-view-versus-a-copy\n  df['date_key'] = range(1, len(df) + 1)\n","logger":"py.warnings"}
{"timestamp":"2025-07-03T12:25:50.166950","level":"warning","event":"/opt/airflow/dags/etl/dim_date_logic.py:45: SettingWithCopyWarning: \nA value is trying to be set on a copy of a slice from a DataFrame\n\nSee the caveats in the documentation: https://pandas.pydata.org/pandas-docs/stable/user_guide/indexing.html#returning-a-view-versus-a-copy\n  df.rename(columns={'rental_date': 'full_date', 'week': 'rental_week'}, inplace=True)\n","logger":"py.warnings"}
{"timestamp":"2025-07-03T12:25:50.169366","level":"info","event":"Transformed data saved to /opt/airflow/data/cleaned/date_transformed.parquet","logger":"unusual_prefix_39d5b4c4fb0e26bd2861cde9a37101b8f5d54193_dag"}
{"timestamp":"2025-07-03T12:25:50.169457","level":"info","event":"Starting load phase","logger":"unusual_prefix_39d5b4c4fb0e26bd2861cde9a37101b8f5d54193_dag"}
{"timestamp":"2025-07-03T12:25:50.171621","level":"error","event":"ETL failed: (pymysql.err.OperationalError) (2003, \"Can't connect to MySQL server on 'mysql-warehouse' ([Errno 111] Connection refused)\")\n(Background on this error at: https://sqlalche.me/e/14/e3q8)","logger":"unusual_prefix_39d5b4c4fb0e26bd2861cde9a37101b8f5d54193_dag"}
{"timestamp":"2025-07-03T12:25:50.171833","level":"info","event":"Successfully removed file: /opt/airflow/data/raw/date_raw.parquet","logger":"src.helpers"}
{"timestamp":"2025-07-03T12:25:50.172319","level":"info","event":"Cleanup done.","logger":"unusual_prefix_39d5b4c4fb0e26bd2861cde9a37101b8f5d54193_dag"}
{"timestamp":"2025-07-03T12:25:50.172436","level":"error","event":"Task failed with exception","logger":"task","error_detail":[{"exc_type":"OperationalError","exc_value":"(pymysql.err.OperationalError) (2003, \"Can't connect to MySQL server on 'mysql-warehouse' ([Errno 111] Connection refused)\")\n(Background on this error at: https://sqlalche.me/e/14/e3q8)","exc_notes":[],"syntax_error":null,"is_cause":false,"frames":[{"filename":"/home/airflow/.local/lib/python3.12/site-packages/airflow/sdk/execution_time/task_runner.py","lineno":867,"name":"run"},{"filename":"/home/airflow/.local/lib/python3.12/site-packages/airflow/sdk/execution_time/task_runner.py","lineno":1159,"name":"_execute_task"},{"filename":"/home/airflow/.local/lib/python3.12/site-packages/airflow/sdk/bases/operator.py","lineno":397,"name":"wrapper"},{"filename":"/home/airflow/.local/lib/python3.12/site-packages/airflow/providers/standard/operators/python.py","lineno":216,"name":"execute"},{"filename":"/home/airflow/.local/lib/python3.12/site-packages/airflow/providers/standard/operators/python.py","lineno":239,"name":"execute_callable"},{"filename":"/home/airflow/.local/lib/python3.12/site-packages/airflow/sdk/execution_time/callback_runner.py","lineno":81,"name":"run"},{"filename":"/opt/airflow/dags/dag.py","lineno":44,"name":"etl_tasks"},{"filename":"/opt/airflow/dags/etl/base_etl.py","lineno":30,"name":"load_data"},{"filename":"/home/airflow/.local/lib/python3.12/site-packages/pandas/util/_decorators.py","lineno":333,"name":"wrapper"},{"filename":"/home/airflow/.local/lib/python3.12/site-packages/pandas/core/generic.py","lineno":3008,"name":"to_sql"},{"filename":"/home/airflow/.local/lib/python3.12/site-packages/pandas/io/sql.py","lineno":787,"name":"to_sql"},{"filename":"/home/airflow/.local/lib/python3.12/site-packages/pandas/io/sql.py","lineno":851,"name":"pandasSQL_builder"},{"filename":"/home/airflow/.local/lib/python3.12/site-packages/pandas/io/sql.py","lineno":1576,"name":"__init__"},{"filename":"/home/airflow/.local/lib/python3.12/site-packages/sqlalchemy/engine/base.py","lineno":3325,"name":"connect"},{"filename":"/home/airflow/.local/lib/python3.12/site-packages/sqlalchemy/engine/base.py","lineno":96,"name":"__init__"},{"filename":"/home/airflow/.local/lib/python3.12/site-packages/sqlalchemy/engine/base.py","lineno":3404,"name":"raw_connection"},{"filename":"/home/airflow/.local/lib/python3.12/site-packages/sqlalchemy/engine/base.py","lineno":3374,"name":"_wrap_pool_connect"},{"filename":"/home/airflow/.local/lib/python3.12/site-packages/sqlalchemy/engine/base.py","lineno":2208,"name":"_handle_dbapi_exception_noconnection"},{"filename":"/home/airflow/.local/lib/python3.12/site-packages/sqlalchemy/util/compat.py","lineno":211,"name":"raise_"},{"filename":"/home/airflow/.local/lib/python3.12/site-packages/sqlalchemy/engine/base.py","lineno":3371,"name":"_wrap_pool_connect"},{"filename":"/home/airflow/.local/lib/python3.12/site-packages/sqlalchemy/pool/base.py","lineno":327,"name":"connect"},{"filename":"/home/airflow/.local/lib/python3.12/site-packages/sqlalchemy/pool/base.py","lineno":894,"name":"_checkout"},{"filename":"/home/airflow/.local/lib/python3.12/site-packages/sqlalchemy/pool/base.py","lineno":493,"name":"checkout"},{"filename":"/home/airflow/.local/lib/python3.12/site-packages/sqlalchemy/pool/impl.py","lineno":145,"name":"_do_get"},{"filename":"/home/airflow/.local/lib/python3.12/site-packages/sqlalchemy/util/langhelpers.py","lineno":70,"name":"__exit__"},{"filename":"/home/airflow/.local/lib/python3.12/site-packages/sqlalchemy/util/compat.py","lineno":211,"name":"raise_"},{"filename":"/home/airflow/.local/lib/python3.12/site-packages/sqlalchemy/pool/impl.py","lineno":143,"name":"_do_get"},{"filename":"/home/airflow/.local/lib/python3.12/site-packages/sqlalchemy/pool/base.py","lineno":273,"name":"_create_connection"},{"filename":"/home/airflow/.local/lib/python3.12/site-packages/sqlalchemy/pool/base.py","lineno":388,"name":"__init__"},{"filename":"/home/airflow/.local/lib/python3.12/site-packages/sqlalchemy/pool/base.py","lineno":690,"name":"__connect"},{"filename":"/home/airflow/.local/lib/python3.12/site-packages/sqlalchemy/util/langhelpers.py","lineno":70,"name":"__exit__"},{"filename":"/home/airflow/.local/lib/python3.12/site-packages/sqlalchemy/util/compat.py","lineno":211,"name":"raise_"},{"filename":"/home/airflow/.local/lib/python3.12/site-packages/sqlalchemy/pool/base.py","lineno":686,"name":"__connect"},{"filename":"/home/airflow/.local/lib/python3.12/site-packages/sqlalchemy/engine/create.py","lineno":574,"name":"connect"},{"filename":"/home/airflow/.local/lib/python3.12/site-packages/sqlalchemy/engine/default.py","lineno":598,"name":"connect"},{"filename":"/home/airflow/.local/lib/python3.12/site-packages/pymysql/connections.py","lineno":361,"name":"__init__"},{"filename":"/home/airflow/.local/lib/python3.12/site-packages/pymysql/connections.py","lineno":716,"name":"connect"}],"is_group":false,"exceptions":[]},{"exc_type":"OperationalError","exc_value":"(2003, \"Can't connect to MySQL server on 'mysql-warehouse' ([Errno 111] Connection refused)\")","exc_notes":[],"syntax_error":null,"is_cause":true,"frames":[{"filename":"/home/airflow/.local/lib/python3.12/site-packages/sqlalchemy/engine/base.py","lineno":3371,"name":"_wrap_pool_connect"},{"filename":"/home/airflow/.local/lib/python3.12/site-packages/sqlalchemy/pool/base.py","lineno":327,"name":"connect"},{"filename":"/home/airflow/.local/lib/python3.12/site-packages/sqlalchemy/pool/base.py","lineno":894,"name":"_checkout"},{"filename":"/home/airflow/.local/lib/python3.12/site-packages/sqlalchemy/pool/base.py","lineno":493,"name":"checkout"},{"filename":"/home/airflow/.local/lib/python3.12/site-packages/sqlalchemy/pool/impl.py","lineno":145,"name":"_do_get"},{"filename":"/home/airflow/.local/lib/python3.12/site-packages/sqlalchemy/util/langhelpers.py","lineno":70,"name":"__exit__"},{"filename":"/home/airflow/.local/lib/python3.12/site-packages/sqlalchemy/util/compat.py","lineno":211,"name":"raise_"},{"filename":"/home/airflow/.local/lib/python3.12/site-packages/sqlalchemy/pool/impl.py","lineno":143,"name":"_do_get"},{"filename":"/home/airflow/.local/lib/python3.12/site-packages/sqlalchemy/pool/base.py","lineno":273,"name":"_create_connection"},{"filename":"/home/airflow/.local/lib/python3.12/site-packages/sqlalchemy/pool/base.py","lineno":388,"name":"__init__"},{"filename":"/home/airflow/.local/lib/python3.12/site-packages/sqlalchemy/pool/base.py","lineno":690,"name":"__connect"},{"filename":"/home/airflow/.local/lib/python3.12/site-packages/sqlalchemy/util/langhelpers.py","lineno":70,"name":"__exit__"},{"filename":"/home/airflow/.local/lib/python3.12/site-packages/sqlalchemy/util/compat.py","lineno":211,"name":"raise_"},{"filename":"/home/airflow/.local/lib/python3.12/site-packages/sqlalchemy/pool/base.py","lineno":686,"name":"__connect"},{"filename":"/home/airflow/.local/lib/python3.12/site-packages/sqlalchemy/engine/create.py","lineno":574,"name":"connect"},{"filename":"/home/airflow/.local/lib/python3.12/site-packages/sqlalchemy/engine/default.py","lineno":598,"name":"connect"},{"filename":"/home/airflow/.local/lib/python3.12/site-packages/pymysql/connections.py","lineno":361,"name":"__init__"},{"filename":"/home/airflow/.local/lib/python3.12/site-packages/pymysql/connections.py","lineno":716,"name":"connect"}],"is_group":false,"exceptions":[]},{"exc_type":"ConnectionRefusedError","exc_value":"[Errno 111] Connection refused","exc_notes":[],"syntax_error":null,"is_cause":false,"frames":[{"filename":"/home/airflow/.local/lib/python3.12/site-packages/pymysql/connections.py","lineno":649,"name":"connect"},{"filename":"/usr/local/lib/python3.12/socket.py","lineno":865,"name":"create_connection"},{"filename":"/usr/local/lib/python3.12/socket.py","lineno":850,"name":"create_connection"}],"is_group":false,"exceptions":[]}]}
